1663066661236	geckodriver	INFO	Listening on 127.0.0.1:12688
1663066664304	mozrunner::runner	INFO	Running command: "C:\\Program Files\\Mozilla Firefox\\firefox.exe" "--marionette" "--headless" "--remote-debugging-port" "12689" "--remote-allow-hosts" "localhost" "-no-remote" "-profile" "C:\\Users\\admin\\AppData\\Local\\Temp\\rust_mozprofilepfMQwc"
*** You are running in headless mode.
1663066664553	Marionette	INFO	Marionette enabled
1663066664557	Marionette	INFO	Listening on port 12698
WebDriver BiDi listening on ws://localhost:12689
Read port: 12698
1663066664748	RemoteAgent	WARN	TLS certificate errors will be ignored for this session
[GFX1-]: RenderCompositorSWGL failed mapping default framebuffer, no dt
console.warn: SearchSettings: "get: No settings file exists, new profile?" (new NotFoundError("Could not open the file at C:\\Users\\admin\\AppData\\Local\\Temp\\rust_mozprofilepfMQwc\\search.json.mozlz4", (void 0)))
DevTools listening on ws://localhost:12689/devtools/browser/2b1a2e6a-7e9d-403b-aa7a-1ec60577e2b4
JavaScript error: , line 0: NS_ERROR_NOT_AVAILABLE
1:1108
1663067356977	mozrunner::runner	INFO	Running command: "C:\\Program Files\\Mozilla Firefox\\firefox.exe" "--marionette" "--remote-debugging-port" "1109" "--remote-allow-hosts" "localhost" "-no-remote" "-profile" "C:\\Users\\admin\\AppData\\Local\\Temp\\rust_mozprofileubvgYk"
1663067357211	Marionette	INFO	Marionette enabled
1663067357214	Marionette	INFO	Listening on port 1129
WebDriver BiDi listening on ws://localhost:1109
Read port: 1129
1663067357425	RemoteAgent	WARN	TLS certificate errors will be ignored for this session
console.warn: SearchSettings: "get: No settings file exists, new profile?" (new NotFoundError("Could not open the file at C:\\Users\\admin\\AppData\\Local\\Temp\\rust_mozprofileubvgYk\\search.json.mozlz4", (void 0)))
DevTools listening on ws://localhost:1109/devtools/browser/3ae0d62c-7729-466b-8c4a-f92f999a5b28
1663072983147	Marionette	INFO	Stopped listening on port 1129
console.warn: TopSitesFeed: Failed to fetch data from Contile server: NetworkError when attempting to fetch resource.
remote-debugging-port" "6531" "--remote-allow-hosts" "localhost" "-no-remote" "-profile" "C:\\Users\\admin\\AppData\\Local\\Temp\\rust_mozprofile4aEMz2"
1663067482249	Marionette	INFO	Marionette enabled
1663067482252	Marionette	INFO	Listening on port 6544
WebDriver BiDi listening on ws://localhost:6531
Read port: 6544
1663067482433	RemoteAgent	WARN	TLS certificate errors will be ignored for this session
console.warn: SearchSettings: "get: No settings file exists, new profile?" (new NotFoundError("Could not open the file at C:\\Users\\admin\\AppData\\Local\\Temp\\rust_mozprofile4aEMz2\\search.json.mozlz4", (void 0)))
DevTools listening on ws://localhost:6531/devtools/browser/b7b1e3ae-6cc5-4ca6-9ea7-d4d79ad6466c
JavaScript error: resource://gre/modules/URIFixup.jsm, line 292: NS_ERROR_FAILURE: Should pass a non-null uri
